2025-06-30 13:58:27 - twitch_bot - INFO - Bot inicializado correctamente.
2025-06-30 13:58:28 - twitch_bot - INFO - Bot "solounbobotmas" conectado exitosamente.
2025-06-30 13:58:28 - twitch_bot - INFO - Enviando mensaje de bienvenida: ¡Buenos días! Bueno, en realidad son las 13:58
2025-06-30 13:58:28 - twitch_bot - ERROR - Error en event_ready: name 'BOT_CANAL' is not defined
2025-06-30 13:59:08 - twitch_bot - INFO - Bot inicializado correctamente.
2025-06-30 13:59:10 - twitch_bot - INFO - Bot "solounbobotmas" conectado exitosamente.
2025-06-30 13:59:10 - twitch_bot - INFO - Enviando mensaje de bienvenida: ¡Buenos días! Bueno, en realidad son las 13:59
2025-06-30 13:59:10 - twitch_bot - INFO - [Sistema] ¡Buenos días! Bueno, en realidad son las 13:59
2025-06-30 14:03:05 - twitch_bot - INFO - [Mensaje] solounturnomas: Hola
2025-06-30 14:03:05 - twitch_bot - INFO - [Sistema] ¡Hola, jefe!
2025-06-30 14:03:18 - twitch_bot - INFO - [Recompensa] solounturnomas: S (ID: f7b19ecc-5085-43b2-a07e-dee6f8c064dd) - Acción: talar
2025-06-30 14:03:18 - twitch_bot - INFO - [Sistema] ¡solounturnomas ha usado la acción Talar!
2025-06-30 14:22:23 - twitch_bot - INFO - Bot inicializado correctamente.
2025-06-30 14:22:24 - twitch_bot - INFO - Bot "solounbobotmas" conectado exitosamente.
2025-06-30 14:22:24 - twitch_bot - INFO - Enviando mensaje de bienvenida: ¡Buenos días! Bueno, en realidad son las 14:22
2025-06-30 14:22:24 - twitch_bot - INFO - [Sistema] ¡Buenos días! Bueno, en realidad son las 14:22
2025-06-30 14:23:07 - twitch_bot - INFO - [Recompensa] solounturnomas: f (ID: 45650b54-6ec3-4908-ac23-c71521d224e8) - Acción no encontrada
2025-06-30 14:23:32 - twitch_bot - INFO - [Recompensa] solounturnomas: s (ID: 065567f5-e68f-43cd-816f-f4ef0e64572d) - Acción no encontrada
2025-06-30 14:23:58 - twitch_bot - INFO - [Recompensa] solounturnomas: s (ID: f6a93674-c59c-43a3-8112-97b31f9b9571) - Acción no encontrada
2025-06-30 14:24:23 - twitch_bot - INFO - [Recompensa] solounturnomas: s (ID: 5e35690c-d9a7-4383-9365-ac3ddd2a28f0) - Acción no encontrada
2025-06-30 14:24:42 - twitch_bot - INFO - [Recompensa] solounturnomas: 1 (ID: 720eab8f-404a-4166-a035-b2db303cc4d5) - Acción no encontrada
2025-06-30 14:25:03 - twitch_bot - INFO - Bot inicializado correctamente.
2025-06-30 14:25:05 - twitch_bot - INFO - Bot "solounbobotmas" conectado exitosamente.
2025-06-30 14:25:05 - twitch_bot - INFO - Enviando mensaje de bienvenida: ¡Buenos días! Bueno, en realidad son las 14:25
2025-06-30 14:25:05 - twitch_bot - INFO - [Sistema] ¡Buenos días! Bueno, en realidad son las 14:25
2025-06-30 14:25:13 - twitch_bot - INFO - [Recompensa] solounturnomas: aw (ID: 065567f5-e68f-43cd-816f-f4ef0e64572d) - Acción: pescar
2025-06-30 14:25:13 - twitch_bot - INFO - [Sistema] ¡solounturnomas ha empezado a pescar!
2025-06-30 14:25:20 - twitch_bot - INFO - [Recompensa] solounturnomas: as (ID: 45650b54-6ec3-4908-ac23-c71521d224e8) - Acción: trabajar en el campo
2025-06-30 14:25:20 - twitch_bot - INFO - [Sistema] ¡solounturnomas ha comenzado a trabajar en el campo!
2025-06-30 14:25:28 - twitch_bot - INFO - [Recompensa] solounturnomas: s (ID: 5e35690c-d9a7-4383-9365-ac3ddd2a28f0) - Acción: picar piedra
2025-06-30 14:25:28 - twitch_bot - INFO - [Sistema] ¡solounturnomas ha empezado a picar piedra!
2025-06-30 14:25:39 - twitch_bot - INFO - [Recompensa] solounturnomas: s (ID: 720eab8f-404a-4166-a035-b2db303cc4d5) - Acción: cazar en el bosque
2025-06-30 14:25:39 - twitch_bot - INFO - [Sistema] ¡solounturnomas ha entrado al bosque para cazar!
2025-06-30 14:25:45 - twitch_bot - INFO - [Recompensa] solounturnomas: s (ID: f6a93674-c59c-43a3-8112-97b31f9b9571) - Acción: trabajar de guardia
2025-06-30 14:25:45 - twitch_bot - INFO - [Sistema] ¡solounturnomas ha empezado su turno de guardia!
2025-06-30 14:25:53 - twitch_bot - INFO - [Recompensa] solounturnomas: s (ID: f7b19ecc-5085-43b2-a07e-dee6f8c064dd) - Acción: talar
2025-06-30 14:25:53 - twitch_bot - INFO - [Sistema] ¡solounturnomas ha usado la acción Talar!
2025-06-30 15:45:40 - twitch_bot - INFO - Bot inicializado correctamente.
2025-06-30 15:45:42 - twitch_bot - INFO - Bot "solounbobotmas" conectado exitosamente.
2025-06-30 15:45:42 - twitch_bot - INFO - Enviando mensaje de bienvenida: ¡Buenos días! Bueno, en realidad son las 15:45
2025-06-30 15:45:42 - twitch_bot - INFO - [Sistema] ¡Buenos días! Bueno, en realidad son las 15:45
2025-06-30 15:46:22 - twitch_bot - INFO - [Recompensa] solounturnomas: h (ID: f7b19ecc-5085-43b2-a07e-dee6f8c064dd) - Acción: talar
2025-06-30 15:46:23 - twitch_bot - INFO - [Sistema] ¡solounturnomas se ha ido a talar al bosque!
2025-06-30 15:56:40 - twitch_bot.database - INFO - Iniciando creación de tablas
2025-06-30 15:56:40 - twitch_bot.database - INFO - Tabla ciudadanos creada
2025-06-30 15:56:40 - twitch_bot.database - INFO - Tabla historial_acciones creada
2025-06-30 15:56:40 - twitch_bot.database - INFO - Tablas creadas exitosamente
2025-06-30 15:56:44 - twitch_bot.database - INFO - Listado 1 ciudadanos activos
2025-06-30 15:57:38 - twitch_bot.database - INFO - Listando historial de acciones
2025-06-30 15:57:38 - twitch_bot.database - INFO - Encontradas 1 acciones en el historial
